<?xml version="1.0" encoding="UTF-8"?>
<!-- Generated by org.testng.reporters.JUnitReportReporter -->
<testsuite hostname="Sunil" name="com.org.readingData.TestA" tests="6" failures="0" timestamp="7 Jul 2017 02:47:33 GMT" time="0.012" errors="0">
  <testcase name="testA" time="0.000" classname="com.org.readingData.TestA"/>
  <testcase name="testA" time="0.001" classname="com.org.readingData.TestA"/>
  <testcase name="testA" time="0.001" classname="com.org.readingData.TestA"/>
  <testcase name="testA" time="0.008" classname="com.org.readingData.TestA"/>
  <testcase name="testA" time="0.002" classname="com.org.readingData.TestA"/>
  <testcase name="testA" time="0.000" classname="com.org.readingData.TestA"/>
</testsuite> <!-- com.org.readingData.TestA -->
