<?xml version="1.0" encoding="UTF-8"?>
<!-- Generated by org.testng.reporters.JUnitReportReporter -->
<testsuite hostname="Sunil" name="com.org.APITest.Test_SettingRoot" tests="1" failures="0" timestamp="26 Aug 2017 14:01:12 GMT" time="3.053" errors="0">
  <testcase name="testExtractDetailsInOneLine" time="3.053" classname="com.org.APITest.Test_SettingRoot"/>
</testsuite> <!-- com.org.APITest.Test_SettingRoot -->
