<?xml version="1.0" encoding="UTF-8"?>
<!-- Generated by org.testng.reporters.JUnitReportReporter -->
<testsuite hostname="Sunil" name="tutorial.rootPath.RootPathEx2" tests="3" failures="0" timestamp="27 May 2018 08:16:37 GMT" time="6.894" errors="0">
  <testcase name="test001" time="3.698" classname="tutorial.rootPath.RootPathEx2"/>
  <testcase name="test002" time="1.670" classname="tutorial.rootPath.RootPathEx2"/>
  <testcase name="test003" time="1.526" classname="tutorial.rootPath.RootPathEx2"/>
</testsuite> <!-- tutorial.rootPath.RootPathEx2 -->
