<?xml version="1.0" encoding="UTF-8"?>
<!-- Generated by org.testng.reporters.JUnitReportReporter -->
<testsuite hostname="Sunil" name="com.org.APITest.Test_JsonPath" tests="1" failures="0" timestamp="26 Aug 2017 15:19:29 GMT" time="2.681" errors="0">
  <testcase name="testJsonPath2" time="2.681" classname="com.org.APITest.Test_JsonPath"/>
</testsuite> <!-- com.org.APITest.Test_JsonPath -->
