<?xml version="1.0" encoding="UTF-8"?>
<!-- Generated by org.testng.reporters.JUnitReportReporter -->
<testsuite hostname="Sunil" name="walmart.jsonPath.examples.WalmartSearch_JSONPath" tests="1" failures="0" timestamp="23 May 2018 03:55:00 GMT" time="3.753" errors="0">
  <testcase name="test0012" time="3.753" classname="walmart.jsonPath.examples.WalmartSearch_JSONPath"/>
</testsuite> <!-- walmart.jsonPath.examples.WalmartSearch_JSONPath -->
