<?xml version="1.0" encoding="UTF-8"?>
<!-- Generated by org.testng.reporters.JUnitReportReporter -->
<testsuite hostname="Sunil" name="tutorial.filterInRestAssured.FilterExamples" tests="1" failures="0" timestamp="28 May 2018 02:54:35 GMT" time="4.048" errors="0">
  <testcase name="test001" time="4.048" classname="tutorial.filterInRestAssured.FilterExamples"/>
</testsuite> <!-- tutorial.filterInRestAssured.FilterExamples -->
