<?xml version="1.0" encoding="UTF-8"?>
<!-- Generated by org.testng.reporters.JUnitReportReporter -->
<testsuite hostname="Sunil" name="tutorial.studentsApp.loggingEx.LoggingRESPONSEValues" tests="4" failures="0" timestamp="21 May 2018 04:07:52 GMT" time="1.713" errors="0">
  <testcase name="printResponseHeaders" time="0.034" classname="tutorial.studentsApp.loggingEx.LoggingRESPONSEValues"/>
  <testcase name="printResponseStatusLine" time="0.033" classname="tutorial.studentsApp.loggingEx.LoggingRESPONSEValues"/>
  <testcase name="printResponseBody" time="1.613" classname="tutorial.studentsApp.loggingEx.LoggingRESPONSEValues"/>
  <testcase name="printResponseOnFailure" time="0.033" classname="tutorial.studentsApp.loggingEx.LoggingRESPONSEValues"/>
</testsuite> <!-- tutorial.studentsApp.loggingEx.LoggingRESPONSEValues -->
