<?xml version="1.0" encoding="UTF-8"?>
<!-- Generated by org.testng.reporters.JUnitReportReporter -->
<testsuite hostname="Sunil" name="com.org.APITest.Test_GroovyFeature" tests="1" failures="0" timestamp="26 Aug 2017 15:06:49 GMT" time="2.611" errors="0">
  <testcase name="testConditionsOnList" time="2.611" classname="com.org.APITest.Test_GroovyFeature"/>
</testsuite> <!-- com.org.APITest.Test_GroovyFeature -->
