<?xml version="1.0" encoding="UTF-8"?>
<!-- Generated by org.testng.reporters.JUnitReportReporter -->
<testsuite hostname="Sunil" name="tutorial.rootPath.RootPathEx" tests="1" failures="0" timestamp="27 May 2018 08:04:29 GMT" time="4.038" errors="0">
  <testcase name="test001" time="4.038" classname="tutorial.rootPath.RootPathEx"/>
</testsuite> <!-- tutorial.rootPath.RootPathEx -->
