<?xml version="1.0" encoding="UTF-8"?>
<!-- Generated by org.testng.reporters.JUnitReportReporter -->
<testsuite hostname="Sunil" name="tutorial.studentsApp.loggingEx.LoggingResultValues" tests="1" failures="0" timestamp="21 May 2018 03:57:46 GMT" time="2.418" errors="0">
  <testcase name="logOnFailure" time="2.418" classname="tutorial.studentsApp.loggingEx.LoggingResultValues"/>
</testsuite> <!-- tutorial.studentsApp.loggingEx.LoggingResultValues -->
