<?xml version="1.0" encoding="UTF-8"?>
<!-- Generated by org.testng.reporters.JUnitReportReporter -->
<testsuite hostname="Sunil" name="tutorial.studentsApp.StudentGetTest" tests="1" failures="0" timestamp="21 May 2018 02:57:52 GMT" time="1.864" errors="0">
  <testcase name="passParametersEx" time="1.864" classname="tutorial.studentsApp.StudentGetTest"/>
</testsuite> <!-- tutorial.studentsApp.StudentGetTest -->
