<?xml version="1.0" encoding="UTF-8"?>
<!-- Generated by org.testng.reporters.JUnitReportReporter -->
<testsuite hostname="Sunil" name="com.org.APITest.Test_VerifyResponse" tests="1" failures="0" timestamp="26 Aug 2017 18:08:18 GMT" time="2.306" errors="0">
  <testcase name="testBodyParameterInResponse" time="2.306" classname="com.org.APITest.Test_VerifyResponse"/>
</testsuite> <!-- com.org.APITest.Test_VerifyResponse -->
