<?xml version="1.0" encoding="UTF-8"?>
<!-- Generated by org.testng.reporters.JUnitReportReporter -->
<testsuite hostname="Sunil" name="tutorial.studentsApp.CreateStudent.StudentPATCHTest" tests="1" failures="0" timestamp="21 May 2018 02:57:20 GMT" time="2.321" errors="0">
  <testcase name="patchStudent" time="2.321" classname="tutorial.studentsApp.CreateStudent.StudentPATCHTest"/>
</testsuite> <!-- tutorial.studentsApp.CreateStudent.StudentPATCHTest -->
