<?xml version="1.0" encoding="UTF-8"?>
<!-- Generated by org.testng.reporters.JUnitReportReporter -->
<testsuite hostname="Sunil" name="com.org.APITest.JsonServerRequests" tests="1" failures="0" timestamp="25 Aug 2017 20:36:25 GMT" time="1.615" errors="0">
  <testcase name="test_09" time="1.615" classname="com.org.APITest.JsonServerRequests"/>
</testsuite> <!-- com.org.APITest.JsonServerRequests -->
