<?xml version="1.0" encoding="UTF-8"?>
<!-- Generated by org.testng.reporters.JUnitReportReporter -->
<testsuite hostname="Sunil" name="com.org.APITest.Test_SetCookieParameter" tests="1" failures="0" timestamp="26 Aug 2017 16:19:12 GMT" time="2.255" errors="0">
  <testcase name="testSetCookieParameter" time="2.255" classname="com.org.APITest.Test_SetCookieParameter"/>
</testsuite> <!-- com.org.APITest.Test_SetCookieParameter -->
