<?xml version="1.0" encoding="UTF-8"?>
<!-- Generated by org.testng.reporters.JUnitReportReporter -->
<testsuite hostname="Sunil" name="tutorial.studentsApp.CreateStudent.StudentDELETETest" tests="1" failures="0" timestamp="21 May 2018 02:52:47 GMT" time="1.855" errors="0">
  <testcase name="deleteStudent" time="1.855" classname="tutorial.studentsApp.CreateStudent.StudentDELETETest"/>
</testsuite> <!-- tutorial.studentsApp.CreateStudent.StudentDELETETest -->
