<?xml version="1.0" encoding="UTF-8"?>
<!-- Generated by org.testng.reporters.JUnitReportReporter -->
<testsuite hostname="Sunil" name="tutorial.compareJSONs.CompareJSONTest" tests="1" failures="0" timestamp="26 May 2018 18:44:28 GMT" time="2.992" errors="1">
  <testcase name="test003" time="2.992" classname="tutorial.compareJSONs.CompareJSONTest">
    <error type="java.lang.AssertionError" message="[19].email
Expected: hendrerit@et.co.uk
     got: leo.Vivamus@sit.org
 ; [19].firstName
Expected: Nathaniel
     got: Lamar
 ; [19].id
Expected: 21
     got: 20
 ; [19].lastName
Expected: Colton
     got: Berk
 ; [20].email
Expected: leo.Vivamus@sit.org
     got: hendrerit@et.co.uk
 ; [20].firstName
Expected: Lamar
     got: Nathaniel
 ; [20].id
Expected: 20
     got: 21
 ; [20].lastName
Expected: Berk
     got: Colton
">
      <![CDATA[java.lang.AssertionError: [19].email
Expected: hendrerit@et.co.uk
     got: leo.Vivamus@sit.org
 ; [19].firstName
Expected: Nathaniel
     got: Lamar
 ; [19].id
Expected: 21
     got: 20
 ; [19].lastName
Expected: Colton
     got: Berk
 ; [20].email
Expected: leo.Vivamus@sit.org
     got: hendrerit@et.co.uk
 ; [20].firstName
Expected: Lamar
     got: Nathaniel
 ; [20].id
Expected: 20
     got: 21
 ; [20].lastName
Expected: Berk
     got: Colton

	at org.skyscreamer.jsonassert.JSONAssert.assertEquals(JSONAssert.java:417)
	at org.skyscreamer.jsonassert.JSONAssert.assertEquals(JSONAssert.java:394)
	at tutorial.compareJSONs.CompareJSONTest.test003(CompareJSONTest.java:57)
	at sun.reflect.NativeMethodAccessorImpl.invoke0(Native Method)
	at sun.reflect.NativeMethodAccessorImpl.invoke(Unknown Source)
	at sun.reflect.DelegatingMethodAccessorImpl.invoke(Unknown Source)
	at java.lang.reflect.Method.invoke(Unknown Source)
	at org.testng.internal.MethodInvocationHelper.invokeMethod(MethodInvocationHelper.java:84)
	at org.testng.internal.Invoker.invokeMethod(Invoker.java:714)
	at org.testng.internal.Invoker.invokeTestMethod(Invoker.java:901)
	at org.testng.internal.Invoker.invokeTestMethods(Invoker.java:1231)
	at org.testng.internal.TestMethodWorker.invokeTestMethods(TestMethodWorker.java:127)
	at org.testng.internal.TestMethodWorker.run(TestMethodWorker.java:111)
	at org.testng.TestRunner.privateRun(TestRunner.java:767)
	at org.testng.TestRunner.run(TestRunner.java:617)
	at org.testng.SuiteRunner.runTest(SuiteRunner.java:334)
	at org.testng.SuiteRunner.runSequentially(SuiteRunner.java:329)
	at org.testng.SuiteRunner.privateRun(SuiteRunner.java:291)
	at org.testng.SuiteRunner.run(SuiteRunner.java:240)
	at org.testng.SuiteRunnerWorker.runSuite(SuiteRunnerWorker.java:52)
	at org.testng.SuiteRunnerWorker.run(SuiteRunnerWorker.java:86)
	at org.testng.TestNG.runSuitesSequentially(TestNG.java:1224)
	at org.testng.TestNG.runSuitesLocally(TestNG.java:1149)
	at org.testng.TestNG.run(TestNG.java:1057)
	at org.testng.remote.RemoteTestNG.run(RemoteTestNG.java:111)
	at org.testng.remote.RemoteTestNG.initAndRun(RemoteTestNG.java:204)
	at org.testng.remote.RemoteTestNG.main(RemoteTestNG.java:175)
]]>
    </error>
  </testcase> <!-- test003 -->
</testsuite> <!-- tutorial.compareJSONs.CompareJSONTest -->
