<?xml version="1.0" encoding="UTF-8"?>
<!-- Generated by org.testng.reporters.JUnitReportReporter -->
<testsuite hostname="Sunil" name="tutorial.requestSpecifications.RequestSpecificationExamples" tests="1" failures="0" timestamp="27 May 2018 08:40:49 GMT" time="2.720" errors="0">
  <testcase name="test001" time="2.720" classname="tutorial.requestSpecifications.RequestSpecificationExamples"/>
</testsuite> <!-- tutorial.requestSpecifications.RequestSpecificationExamples -->
