<?xml version="1.0" encoding="UTF-8"?>
<!-- Generated by org.testng.reporters.JUnitReportReporter -->
<testsuite hostname="Sunil" name="com.org.APITest.WeatherGetRequest" tests="1" failures="0" timestamp="26 Aug 2017 09:18:49 GMT" time="2.138" errors="0">
  <testcase name="test_01" time="2.138" classname="com.org.APITest.WeatherGetRequest"/>
</testsuite> <!-- com.org.APITest.WeatherGetRequest -->
