<?xml version="1.0" encoding="UTF-8"?>
<!-- Generated by org.testng.reporters.JUnitReportReporter -->
<testsuite hostname="Sunil" name="tutorial.studentsApp.CreateStudent.StudentPUTTest" tests="1" failures="0" timestamp="21 May 2018 02:44:56 GMT" time="2.494" errors="0">
  <testcase name="updateStudent" time="2.494" classname="tutorial.studentsApp.CreateStudent.StudentPUTTest"/>
</testsuite> <!-- tutorial.studentsApp.CreateStudent.StudentPUTTest -->
