<?xml version="1.0" encoding="UTF-8"?>
<!-- Generated by org.testng.reporters.JUnitReportReporter -->
<testsuite hostname="Sunil" name="walmart.jsonPath.examples.HamcrestMatcherExamples" tests="2" failures="0" timestamp="26 May 2018 17:44:33 GMT" time="7.793" errors="0">
  <testcase name="test008" time="1.632" classname="walmart.jsonPath.examples.HamcrestMatcherExamples"/>
  <testcase name="test007" time="6.161" classname="walmart.jsonPath.examples.HamcrestMatcherExamples"/>
</testsuite> <!-- walmart.jsonPath.examples.HamcrestMatcherExamples -->
