<?xml version="1.0" encoding="UTF-8"?>
<!-- Generated by org.testng.reporters.JUnitReportReporter -->
<testsuite hostname="Sunil" name="com.org.APITest.TestBasicFunctionsForXMLResponse" tests="2" failures="0" timestamp="26 Aug 2017 08:59:55 GMT" time="2.973" errors="0">
  <testcase name="testResponseStatusCode" time="0.540" classname="com.org.APITest.TestBasicFunctionsForXMLResponse"/>
  <testcase name="getTheResponse" time="2.433" classname="com.org.APITest.TestBasicFunctionsForXMLResponse"/>
</testsuite> <!-- com.org.APITest.TestBasicFunctionsForXMLResponse -->
