<?xml version="1.0" encoding="UTF-8"?>
<!-- Generated by org.testng.reporters.JUnitReportReporter -->
<testsuite hostname="Sunil" name="walmart.jsonPath.examples.WalmartSearch_JSONPath" tests="2" failures="0" timestamp="21 May 2018 04:52:44 GMT" time="6.200" errors="0">
  <testcase name="test001" time="4.579" classname="walmart.jsonPath.examples.WalmartSearch_JSONPath"/>
  <testcase name="test002" time="1.621" classname="walmart.jsonPath.examples.WalmartSearch_JSONPath"/>
</testsuite> <!-- walmart.jsonPath.examples.WalmartSearch_JSONPath -->
