<?xml version="1.0" encoding="UTF-8"?>
<!-- Generated by org.testng.reporters.JUnitReportReporter -->
<testsuite hostname="Sunil" name="tutorial.studentsApp.CreateStudent.StudentPostTest" tests="1" failures="0" timestamp="21 May 2018 02:38:00 GMT" time="2.132" errors="0">
  <testcase name="createNewStudent" time="2.132" classname="tutorial.studentsApp.CreateStudent.StudentPostTest"/>
</testsuite> <!-- tutorial.studentsApp.CreateStudent.StudentPostTest -->
