<?xml version="1.0" encoding="UTF-8"?>
<!-- Generated by org.testng.reporters.JUnitReportReporter -->
<testsuite hostname="Sunil" name="com.org.APITest.GetHeadersAndCookies" tests="1" failures="0" timestamp="26 Aug 2017 15:35:38 GMT" time="1.696" errors="0">
  <testcase name="testCookiesInDetail" time="1.696" classname="com.org.APITest.GetHeadersAndCookies"/>
</testsuite> <!-- com.org.APITest.GetHeadersAndCookies -->
