<?xml version="1.0" encoding="UTF-8"?>
<!-- Generated by org.testng.reporters.JUnitReportReporter -->
<testsuite hostname="Sunil" name="com.org.APITest.Test_SetRequestData" tests="1" failures="0" timestamp="26 Aug 2017 15:51:37 GMT" time="4.186" errors="0">
  <testcase name="testCONNECTRequest" time="4.186" classname="com.org.APITest.Test_SetRequestData"/>
</testsuite> <!-- com.org.APITest.Test_SetRequestData -->
