<?xml version="1.0" encoding="UTF-8"?>
<!-- Generated by org.testng.reporters.JUnitReportReporter -->
<testsuite hostname="Sunil" name="tutorial.verifyDownloadedFile.FileDownloadExample" tests="1" failures="0" timestamp="28 May 2018 03:17:10 GMT" time="14.158" errors="0">
  <testcase name="verifyDownloadedFile" time="14.158" classname="tutorial.verifyDownloadedFile.FileDownloadExample"/>
</testsuite> <!-- tutorial.verifyDownloadedFile.FileDownloadExample -->
