<?xml version="1.0" encoding="UTF-8"?>
<!-- Generated by org.testng.reporters.JUnitReportReporter -->
<testsuite hostname="Sunil" name="walmart.jsonPath.examples.SoftAssertions" tests="1" failures="0" timestamp="26 May 2018 17:55:29 GMT" time="3.520" errors="1">
  <testcase name="softAssertTest" time="3.520" classname="walmart.jsonPath.examples.SoftAssertions">
    <error type="java.lang.AssertionError" message="2 expectations failed.
JSON path items.findAll{it.name==&#039;Apple iPod touch 128GB&#039;} doesn&#039;t match.
Expected: (a collection containing map containing [&quot;name&quot;-&gt;&quot;Apple iPod touch 128GBB&quot;])
  Actual: [{longDescription=2015 Apple Inc. All rights reserved., largeImage=https://i5.walmartimages.com/asr/d29dd960-03f9-48ec-8401-5ab9c0f2e05c_1.0eb296c8cce6a845625eaa3db127cfa7.jpeg?odnHeight=450&amp;odnWidth=450&amp;odnBg=FFFFFF, categoryNode=3944_96469_1231508, mediumImage=https://i5.walmartimages.com/asr/d29dd960-03f9-48ec-8401-5ab9c0f2e05c_1.0eb296c8cce6a845625eaa3db127cfa7.jpeg?odnHeight=180&amp;odnWidth=180&amp;odnBg=FFFFFF, numReviews=5, offerType=ONLINE_ONLY, productTrackingUrl=http://linksynergy.walmart.com/fs-bin/click?id=|LSNID|&amp;offerid=223073.7200&amp;type=14&amp;catid=8&amp;subid=0&amp;hid=7200&amp;tmpid=1082&amp;RD_PARM1=https%253A%252F%252Fwww.walmart.com%252Fip%252FApple-iPod-touch-128GB%252F541357139%253Faffp1%253DFbcmtmhyTY1h1xT3H-lZan1nlUS0eqE74Xw8Qu7YBR0%2526affilsrc%253Dapi, parentItemId=541357139, standardShipRate=0.0, msrp=299.0, thumbnailImage=https://i5.walmartimages.com/asr/d29dd960-03f9-48ec-8401-5ab9c0f2e05c_1.0eb296c8cce6a845625eaa3db127cfa7.jpeg?odnHeight=100&amp;odnWidth=100&amp;odnBg=FFFFFF, stock=Available, bundle=false, imageEntities=[{largeImage=https://i5.walmartimages.com/asr/08b98940-eaa4-4638-b797-a1fb6e0f1a4d_1.cc8169e1d2d3139dab86206d84602613.jpeg?odnHeight=450&amp;odnWidth=450&amp;odnBg=FFFFFF, entityType=SECONDARY, mediumImage=https://i5.walmartimages.com/asr/08b98940-eaa4-4638-b797-a1fb6e0f1a4d_1.cc8169e1d2d3139dab86206d84602613.jpeg?odnHeight=180&amp;odnWidth=180&amp;odnBg=FFFFFF, thumbnailImage=https://i5.walmartimages.com/asr/08b98940-eaa4-4638-b797-a1fb6e0f1a4d_1.cc8169e1d2d3139dab86206d84602613.jpeg?odnHeight=100&amp;odnWidth=100&amp;odnBg=FFFFFF}, {largeImage=https://i5.walmartimages.com/asr/0a5c5fea-edcb-4260-993b-327392154d5c_1.5b65a4473f8e8c94b01093238a903298.jpeg?odnHeight=450&amp;odnWidth=450&amp;odnBg=FFFFFF, entityType=SECONDARY, mediumImage=https://i5.walmartimages.com/asr/0a5c5fea-edcb-4260-993b-327392154d5c_1.5b65a4473f8e8c94b01093238a903298.jpeg?odnHeight=180&amp;odnWidth=180&amp;odnBg=FFFFFF, thumbnailImage=https://i5.walmartimages.com/asr/0a5c5fea-edcb-4260-993b-327392154d5c_1.5b65a4473f8e8c94b01093238a903298.jpeg?odnHeight=100&amp;odnWidth=100&amp;odnBg=FFFFFF}, {largeImage=https://i5.walmartimages.com/asr/e51d5e00-7a75-4bdb-8807-2de5f7203032_1.80654954d446afa0d4c6d6b53cdc9561.jpeg?odnHeight=450&amp;odnWidth=450&amp;odnBg=FFFFFF, entityType=SECONDARY, mediumImage=https://i5.walmartimages.com/asr/e51d5e00-7a75-4bdb-8807-2de5f7203032_1.80654954d446afa0d4c6d6b53cdc9561.jpeg?odnHeight=180&amp;odnWidth=180&amp;odnBg=FFFFFF, thumbnailImage=https://i5.walmartimages.com/asr/e51d5e00-7a75-4bdb-8807-2de5f7203032_1.80654954d446afa0d4c6d6b53cdc9561.jpeg?odnHeight=100&amp;odnWidth=100&amp;odnBg=FFFFFF}, {largeImage=https://i5.walmartimages.com/asr/db23acd5-b54b-4762-b285-3bcae373bcea_1.6a6efd0a1587ed69ad1402aed1e4c165.jpeg?odnHeight=450&amp;odnWidth=450&amp;odnBg=FFFFFF, entityType=SECONDARY, mediumImage=https://i5.walmartimages.com/asr/db23acd5-b54b-4762-b285-3bcae373bcea_1.6a6efd0a1587ed69ad1402aed1e4c165.jpeg?odnHeight=180&amp;odnWidth=180&amp;odnBg=FFFFFF, thumbnailImage=https://i5.walmartimages.com/asr/db23acd5-b54b-4762-b285-3bcae373bcea_1.6a6efd0a1587ed69ad1402aed1e4c165.jpeg?odnHeight=100&amp;odnWidth=100&amp;odnBg=FFFFFF}, {largeImage=https://i5.walmartimages.com/asr/dc797330-5e01-428a-bb23-4811b92d02ef_1.86e47ad2a2599b786d32406661b82c1c.jpeg?odnHeight=450&amp;odnWidth=450&amp;odnBg=FFFFFF, entityType=SECONDARY, mediumImage=https://i5.walmartimages.com/asr/dc797330-5e01-428a-bb23-4811b92d02ef_1.86e47ad2a2599b786d32406661b82c1c.jpeg?odnHeight=180&amp;odnWidth=180&amp;odnBg=FFFFFF, thumbnailImage=https://i5.walmartimages.com/asr/dc797330-5e01-428a-bb23-4811b92d02ef_1.86e47ad2a2599b786d32406661b82c1c.jpeg?odnHeight=100&amp;odnWidth=100&amp;odnBg=FFFFFF}, {largeImage=https://i5.walmartimages.com/asr/f144219d-04c4-4a0a-be1c-74b4d9d88f5f_1.f8509c8d1047608fe08957e4ccbd39ed.jpeg?odnHeight=450&amp;odnWidth=450&amp;odnBg=FFFFFF, entityType=SECONDARY, mediumImage=https://i5.walmartimages.com/asr/f144219d-04c4-4a0a-be1c-74b4d9d88f5f_1.f8509c8d1047608fe08957e4ccbd39ed.jpeg?odnHeight=180&amp;odnWidth=180&amp;odnBg=FFFFFF, thumbnailImage=https://i5.walmartimages.com/asr/f144219d-04c4-4a0a-be1c-74b4d9d88f5f_1.f8509c8d1047608fe08957e4ccbd39ed.jpeg?odnHeight=100&amp;odnWidth=100&amp;odnBg=FFFFFF}, {largeImage=https://i5.walmartimages.com/asr/6ee85fd7-4bbc-42e4-9736-673a9573c352_1.6468aa7ce3e4c639400985a9c35dad0e.jpeg?odnHeight=450&amp;odnWidth=450&amp;odnBg=FFFFFF, entityType=SECONDARY, mediumImage=https://i5.walmartimages.com/asr/6ee85fd7-4bbc-42e4-9736-673a9573c352_1.6468aa7ce3e4c639400985a9c35dad0e.jpeg?odnHeight=180&amp;odnWidth=180&amp;odnBg=FFFFFF, thumbnailImage=https://i5.walmartimages.com/asr/6ee85fd7-4bbc-42e4-9736-673a9573c352_1.6468aa7ce3e4c639400985a9c35dad0e.jpeg?odnHeight=100&amp;odnWidth=100&amp;odnBg=FFFFFF}, {largeImage=https://i5.walmartimages.com/asr/b87a6fa7-7faa-4581-a042-7df49d80daf4_1.096bad1916424cb8ae90487f77a9ec86.jpeg?odnHeight=450&amp;odnWidth=450&amp;odnBg=FFFFFF, entityType=SECONDARY, mediumImage=https://i5.walmartimages.com/asr/b87a6fa7-7faa-4581-a042-7df49d80daf4_1.096bad1916424cb8ae90487f77a9ec86.jpeg?odnHeight=180&amp;odnWidth=180&amp;odnBg=FFFFFF, thumbnailImage=https://i5.walmartimages.com/asr/b87a6fa7-7faa-4581-a042-7df49d80daf4_1.096bad1916424cb8ae90487f77a9ec86.jpeg?odnHeight=100&amp;odnWidth=100&amp;odnBg=FFFFFF}, {largeImage=https://i5.walmartimages.com/asr/8b437164-09f8-48bc-a590-b81dd733ca51_1.2a41616147e46df5322d837546944aa7.jpeg?odnHeight=450&amp;odnWidth=450&amp;odnBg=FFFFFF, entityType=SECONDARY, mediumImage=https://i5.walmartimages.com/asr/8b437164-09f8-48bc-a590-b81dd733ca51_1.2a41616147e46df5322d837546944aa7.jpeg?odnHeight=180&amp;odnWidth=180&amp;odnBg=FFFFFF, thumbnailImage=https://i5.walmartimages.com/asr/8b437164-09f8-48bc-a590-b81dd733ca51_1.2a41616147e46df5322d837546944aa7.jpeg?odnHeight=100&amp;odnWidth=100&amp;odnBg=FFFFFF}, {largeImage=https://i5.walmartimages.com/asr/ded3d938-e229-47e4-a254-36662440876a_1.bfe2f097920035740e59e377e510eee9.jpeg?odnHeight=450&amp;odnWidth=450&amp;odnBg=FFFFFF, entityType=SECONDARY, mediumImage=https://i5.walmartimages.com/asr/ded3d938-e229-47e4-a254-36662440876a_1.bfe2f097920035740e59e377e510eee9.jpeg?odnHeight=180&amp;odnWidth=180&amp;odnBg=FFFFFF, thumbnailImage=https://i5.walmartimages.com/asr/ded3d938-e229-47e4-a254-36662440876a_1.bfe2f097920035740e59e377e510eee9.jpeg?odnHeight=100&amp;odnWidth=100&amp;odnBg=FFFFFF}, {largeImage=https://i5.walmartimages.com/asr/418c961f-79c8-4ad0-aa37-e2a3f5027dbf_1.50abb74821ec975d048fea992968de0e.jpeg?odnHeight=450&amp;odnWidth=450&amp;odnBg=FFFFFF, entityType=SECONDARY, mediumImage=https://i5.walmartimages.com/asr/418c961f-79c8-4ad0-aa37-e2a3f5027dbf_1.50abb74821ec975d048fea992968de0e.jpeg?odnHeight=180&amp;odnWidth=180&amp;odnBg=FFFFFF, thumbnailImage=https://i5.walmartimages.com/asr/418c961f-79c8-4ad0-aa37-e2a3f5027dbf_1.50abb74821ec975d048fea992968de0e.jpeg?odnHeight=100&amp;odnWidth=100&amp;odnBg=FFFFFF}, {largeImage=https://i5.walmartimages.com/asr/2ad11ac8-2dcb-43bd-b9b4-17f90747d2a6_1.1c265ecf866c3cd806c9da8aa6f1e237.jpeg?odnHeight=450&amp;odnWidth=450&amp;odnBg=FFFFFF, entityType=SECONDARY, mediumImage=https://i5.walmartimages.com/asr/2ad11ac8-2dcb-43bd-b9b4-17f90747d2a6_1.1c265ecf866c3cd806c9da8aa6f1e237.jpeg?odnHeight=180&amp;odnWidth=180&amp;odnBg=FFFFFF, thumbnailImage=https://i5.walmartimages.com/asr/2ad11ac8-2dcb-43bd-b9b4-17f90747d2a6_1.1c265ecf866c3cd806c9da8aa6f1e237.jpeg?odnHeight=100&amp;odnWidth=100&amp;odnBg=FFFFFF}, {largeImage=https://i5.walmartimages.com/asr/849db080-fb9a-431e-af29-52cddf612ed1_1.b9b5231eca6bb4c2c7002463cd658f3b.jpeg?odnHeight=450&amp;odnWidth=450&amp;odnBg=FFFFFF, entityType=SECONDARY, mediumImage=https://i5.walmartimages.com/asr/849db080-fb9a-431e-af29-52cddf612ed1_1.b9b5231eca6bb4c2c7002463cd658f3b.jpeg?odnHeight=180&amp;odnWidth=180&amp;odnBg=FFFFFF, thumbnailImage=https://i5.walmartimages.com/asr/849db080-fb9a-431e-af29-52cddf612ed1_1.b9b5231eca6bb4c2c7002463cd658f3b.jpeg?odnHeight=100&amp;odnWidth=100&amp;odnBg=FFFFFF}, {largeImage=https://i5.walmartimages.com/asr/2b1877b6-11d1-4a63-8b88-57a2114c8caf_1.c493b98597b3f2cc9387ec881ff5fbc3.jpeg?odnHeight=450&amp;odnWidth=450&amp;odnBg=FFFFFF, entityType=SECONDARY, mediumImage=https://i5.walmartimages.com/asr/2b1877b6-11d1-4a63-8b88-57a2114c8caf_1.c493b98597b3f2cc9387ec881ff5fbc3.jpeg?odnHeight=180&amp;odnWidth=180&amp;odnBg=FFFFFF, thumbnailImage=https://i5.walmartimages.com/asr/2b1877b6-11d1-4a63-8b88-57a2114c8caf_1.c493b98597b3f2cc9387ec881ff5fbc3.jpeg?odnHeight=100&amp;odnWidth=100&amp;odnBg=FFFFFF}, {largeImage=https://i5.walmartimages.com/asr/76f38160-7870-4902-b277-0ab7c101bf92_1.7164a5fbada08bfc60f6f8ac9fb417a0.jpeg?odnHeight=450&amp;odnWidth=450&amp;odnBg=FFFFFF, entityType=SECONDARY, mediumImage=https://i5.walmartimages.com/asr/76f38160-7870-4902-b277-0ab7c101bf92_1.7164a5fbada08bfc60f6f8ac9fb417a0.jpeg?odnHeight=180&amp;odnWidth=180&amp;odnBg=FFFFFF, thumbnailImage=https://i5.walmartimages.com/asr/76f38160-7870-4902-b277-0ab7c101bf92_1.7164a5fbada08bfc60f6f8ac9fb417a0.jpeg?odnHeight=100&amp;odnWidth=100&amp;odnBg=FFFFFF}, {largeImage=https://i5.walmartimages.com/asr/e8003202-8695-4906-9663-c97a5ac70eac_1.47ba34ef1d4eb303ffb3e5be5c09bf6a.jpeg?odnHeight=450&amp;odnWidth=450&amp;odnBg=FFFFFF, entityType=SECONDARY, mediumImage=https://i5.walmartimages.com/asr/e8003202-8695-4906-9663-c97a5ac70eac_1.47ba34ef1d4eb303ffb3e5be5c09bf6a.jpeg?odnHeight=180&amp;odnWidth=180&amp;odnBg=FFFFFF, thumbnailImage=https://i5.walmartimages.com/asr/e8003202-8695-4906-9663-c97a5ac70eac_1.47ba34ef1d4eb303ffb3e5be5c09bf6a.jpeg?odnHeight=100&amp;odnWidth=100&amp;odnBg=FFFFFF}, {largeImage=https://i5.walmartimages.com/asr/a991e341-6743-4431-a706-584de4d0cdd4_1.b9e0402a8b6e0eb27157498bf4defcdb.jpeg?odnHeight=450&amp;odnWidth=450&amp;odnBg=FFFFFF, entityType=SECONDARY, mediumImage=https://i5.walmartimages.com/asr/a991e341-6743-4431-a706-584de4d0cdd4_1.b9e0402a8b6e0eb27157498bf4defcdb.jpeg?odnHeight=180&amp;odnWidth=180&amp;odnBg=FFFFFF, thumbnailImage=https://i5.walmartimages.com/asr/a991e341-6743-4431-a706-584de4d0cdd4_1.b9e0402a8b6e0eb27157498bf4defcdb.jpeg?odnHeight=100&amp;odnWidth=100&amp;odnBg=FFFFFF}, {largeImage=https://i5.walmartimages.com/asr/8f1dd136-42be-4f14-b9e8-8e0ae57f035c_1.e234d21388f18bcd798dea680b4fed30.jpeg?odnHeight=450&amp;odnWidth=450&amp;odnBg=FFFFFF, entityType=SECONDARY, mediumImage=https://i5.walmartimages.com/asr/8f1dd136-42be-4f14-b9e8-8e0ae57f035c_1.e234d21388f18bcd798dea680b4fed30.jpeg?odnHeight=180&amp;odnWidth=180&amp;odnBg=FFFFFF, thumbnailImage=https://i5.walmartimages.com/asr/8f1dd136-42be-4f14-b9e8-8e0ae57f035c_1.e234d21388f18bcd798dea680b4fed30.jpeg?odnHeight=100&amp;odnWidth=100&amp;odnBg=FFFFFF}, {largeImage=https://i5.walmartimages.com/asr/902f0a3c-893d-497d-af9a-5b958eaae76e_1.c584192869797cd6138d71215f08201e.jpeg?odnHeight=450&amp;odnWidth=450&amp;odnBg=FFFFFF, entityType=SECONDARY, mediumImage=https://i5.walmartimages.com/asr/902f0a3c-893d-497d-af9a-5b958eaae76e_1.c584192869797cd6138d71215f08201e.jpeg?odnHeight=180&amp;odnWidth=180&amp;odnBg=FFFFFF, thumbnailImage=https://i5.walmartimages.com/asr/902f0a3c-893d-497d-af9a-5b958eaae76e_1.c584192869797cd6138d71215f08201e.jpeg?odnHeight=100&amp;odnWidth=100&amp;odnBg=FFFFFF}, {largeImage=https://i5.walmartimages.com/asr/e4ef5c48-259a-44ce-b122-ccf26034d6a8_1.c6b30b1f5deb8474fcdfd7f9fe06a8bb.jpeg?odnHeight=450&amp;odnWidth=450&amp;odnBg=FFFFFF, entityType=SECONDARY, mediumImage=https://i5.walmartimages.com/asr/e4ef5c48-259a-44ce-b122-ccf26034d6a8_1.c6b30b1f5deb8474fcdfd7f9fe06a8bb.jpeg?odnHeight=180&amp;odnWidth=180&amp;odnBg=FFFFFF, thumbnailImage=https://i5.walmartimages.com/asr/e4ef5c48-259a-44ce-b122-ccf26034d6a8_1.c6b30b1f5deb8474fcdfd7f9fe06a8bb.jpeg?odnHeight=100&amp;odnWidth=100&amp;odnBg=FFFFFF}, {largeImage=https://i5.walmartimages.com/asr/112c54ea-c5e0-4a8f-b918-db0f4796f8f0_1.fe0b4f243a19536583455171dcf9bcf4.jpeg?odnHeight=450&amp;odnWidth=450&amp;odnBg=FFFFFF, entityType=SECONDARY, mediumImage=https://i5.walmartimages.com/asr/112c54ea-c5e0-4a8f-b918-db0f4796f8f0_1.fe0b4f243a19536583455171dcf9bcf4.jpeg?odnHeight=180&amp;odnWidth=180&amp;odnBg=FFFFFF, thumbnailImage=https://i5.walmartimages.com/asr/112c54ea-c5e0-4a8f-b918-db0f4796f8f0_1.fe0b4f243a19536583455171dcf9bcf4.jpeg?odnHeight=100&amp;odnWidth=100&amp;odnBg=FFFFFF}, {largeImage=https://i5.walmartimages.com/asr/586f6523-93f8-455c-be43-5b177416a18e_1.731ea718adb0a023dd465a4bcc9fc027.jpeg?odnHeight=450&amp;odnWidth=450&amp;odnBg=FFFFFF, entityType=SECONDARY, mediumImage=https://i5.walmartimages.com/asr/586f6523-93f8-455c-be43-5b177416a18e_1.731ea718adb0a023dd465a4bcc9fc027.jpeg?odnHeight=180&amp;odnWidth=180&amp;odnBg=FFFFFF, thumbnailImage=https://i5.walmartimages.com/asr/586f6523-93f8-455c-be43-5b177416a18e_1.731ea718adb0a023dd465a4bcc9fc027.jpeg?odnHeight=100&amp;odnWidth=100&amp;odnBg=FFFFFF}, {largeImage=https://i5.walmartimages.com/asr/6a01de57-bc66-45b4-ae87-6bbec9938ff6_1.7a7892e90285777a6e95dc9ff692284d.jpeg?odnHeight=450&amp;odnWidth=450&amp;odnBg=FFFFFF, entityType=SECONDARY, mediumImage=https://i5.walmartimages.com/asr/6a01de57-bc66-45b4-ae87-6bbec9938ff6_1.7a7892e90285777a6e95dc9ff692284d.jpeg?odnHeight=180&amp;odnWidth=180&amp;odnBg=FFFFFF, thumbnailImage=https://i5.walmartimages.com/asr/6a01de57-bc66-45b4-ae87-6bbec9938ff6_1.7a7892e90285777a6e95dc9ff692284d.jpeg?odnHeight=100&amp;odnWidth=100&amp;odnBg=FFFFFF}, {largeImage=https://i5.walmartimages.com/asr/1e5dd056-0ecc-43b6-856f-bad622ba928b_1.e8cde394017ecb2334652473629f82a6.jpeg?odnHeight=450&amp;odnWidth=450&amp;odnBg=FFFFFF, entityType=SECONDARY, mediumImage=https://i5.walmartimages.com/asr/1e5dd056-0ecc-43b6-856f-bad622ba928b_1.e8cde394017ecb2334652473629f82a6.jpeg?odnHeight=180&amp;odnWidth=180&amp;odnBg=FFFFFF, thumbnailImage=https://i5.walmartimages.com/asr/1e5dd056-0ecc-43b6-856f-bad622ba928b_1.e8cde394017ecb2334652473629f82a6.jpeg?odnHeight=100&amp;odnWidth=100&amp;odnBg=FFFFFF}, {largeImage=https://i5.walmartimages.com/asr/3ca5fd2a-42cf-499f-a9eb-0bc428ed3d15_1.7df0777dc5dac7f5486c4a3c9cca9aa4.jpeg?odnHeight=450&amp;odnWidth=450&amp;odnBg=FFFFFF, entityType=SECONDARY, mediumImage=https://i5.walmartimages.com/asr/3ca5fd2a-42cf-499f-a9eb-0bc428ed3d15_1.7df0777dc5dac7f5486c4a3c9cca9aa4.jpeg?odnHeight=180&amp;odnWidth=180&amp;odnBg=FFFFFF, thumbnailImage=https://i5.walmartimages.com/asr/3ca5fd2a-42cf-499f-a9eb-0bc428ed3d15_1.7df0777dc5dac7f5486c4a3c9cca9aa4.jpeg?odnHeight=100&amp;odnWidth=100&amp;odnBg=FFFFFF}, {largeImage=https://i5.walmartimages.com/asr/33f2f1be-8c51-4850-8713-f95a756ce664_1.02a84789025bf91bce57c8b6e6de4af5.jpeg?odnHeight=450&amp;odnWidth=450&amp;odnBg=FFFFFF, entityType=SECONDARY, mediumImage=https://i5.walmartimages.com/asr/33f2f1be-8c51-4850-8713-f95a756ce664_1.02a84789025bf91bce57c8b6e6de4af5.jpeg?odnHeight=180&amp;odnWidth=180&amp;odnBg=FFFFFF, thumbnailImage=https://i5.walmartimages.com/asr/33f2f1be-8c51-4850-8713-f95a756ce664_1.02a84789025bf91bce57c8b6e6de4af5.jpeg?odnHeight=100&amp;odnWidth=100&amp;odnBg=FFFFFF}, {largeImage=https://i5.walmartimages.com/asr/a31e0dce-a818-4992-9c12-c1c99b27a3a1_1.db577428935fbe512e17899527601c5a.jpeg?odnHeight=450&amp;odnWidth=450&amp;odnBg=FFFFFF, entityType=SECONDARY, mediumImage=https://i5.walmartimages.com/asr/a31e0dce-a818-4992-9c12-c1c99b27a3a1_1.db577428935fbe512e17899527601c5a.jpeg?odnHeight=180&amp;odnWidth=180&amp;odnBg=FFFFFF, thumbnailImage=https://i5.walmartimages.com/asr/a31e0dce-a818-4992-9c12-c1c99b27a3a1_1.db577428935fbe512e17899527601c5a.jpeg?odnHeight=100&amp;odnWidth=100&amp;odnBg=FFFFFF}, {largeImage=https://i5.walmartimages.com/asr/63a6cac6-9222-456d-856b-69f0ccf7a4b2_1.1d59a46636f0f613ba4c6bfd18584adb.jpeg?odnHeight=450&amp;odnWidth=450&amp;odnBg=FFFFFF, entityType=SECONDARY, mediumImage=https://i5.walmartimages.com/asr/63a6cac6-9222-456d-856b-69f0ccf7a4b2_1.1d59a46636f0f613ba4c6bfd18584adb.jpeg?odnHeight=180&amp;odnWidth=180&amp;odnBg=FFFFFF, thumbnailImage=https://i5.walmartimages.com/asr/63a6cac6-9222-456d-856b-69f0ccf7a4b2_1.1d59a46636f0f613ba4c6bfd18584adb.jpeg?odnHeight=100&amp;odnWidth=100&amp;odnBg=FFFFFF}, {largeImage=https://i5.walmartimages.com/asr/51f08933-413c-45f1-b069-e954227241c2_1.0299b537a79d5931c39749b71d8736a5.jpeg?odnHeight=450&amp;odnWidth=450&amp;odnBg=FFFFFF, entityType=SECONDARY, mediumImage=https://i5.walmartimages.com/asr/51f08933-413c-45f1-b069-e954227241c2_1.0299b537a79d5931c39749b71d8736a5.jpeg?odnHeight=180&amp;odnWidth=180&amp;odnBg=FFFFFF, thumbnailImage=https://i5.walmartimages.com/asr/51f08933-413c-45f1-b069-e954227241c2_1.0299b537a79d5931c39749b71d8736a5.jpeg?odnHeight=100&amp;odnWidth=100&amp;odnBg=FFFFFF}, {largeImage=https://i5.walmartimages.com/asr/d29dd960-03f9-48ec-8401-5ab9c0f2e05c_1.0eb296c8cce6a845625eaa3db127cfa7.jpeg?odnHeight=450&amp;odnWidth=450&amp;odnBg=FFFFFF, entityType=PRIMARY, mediumImage=https://i5.walmartimages.com/asr/d29dd960-03f9-48ec-8401-5ab9c0f2e05c_1.0eb296c8cce6a845625eaa3db127cfa7.jpeg?odnHeight=180&amp;odnWidth=180&amp;odnBg=FFFFFF, thumbnailImage=https://i5.walmartimages.com/asr/d29dd960-03f9-48ec-8401-5ab9c0f2e05c_1.0eb296c8cce6a845625eaa3db127cfa7.jpeg?odnHeight=100&amp;odnWidth=100&amp;odnBg=FFFFFF}], giftOptions={allowGiftReceipt=false, allowGiftWrap=false, allowGiftMessage=false}, addToCartUrl=http://c.affil.walmart.com/t/api02?l=http%3A%2F%2Faffil.walmart.com%2Fcart%2FaddToCart%3Fitems%3D541357139%7C1%26affp1%3DFbcmtmhyTY1h1xT3H-lZan1nlUS0eqE74Xw8Qu7YBR0%26affilsrc%3Dapi%26veh%3Daff%26wmlspartner%3Dreadonlyapi, marketplace=false, salePrice=289.0, categoryPath=Electronics/Portable Audio/Apple iPods/iPod Touch, upc=888462503181, isTwoDayShippingEligible=true, shortDescription=iPod touch is the perfect way to carry your music collection in your pocket. Now in 5 stunning colors. Listen to your favorite songs from Apple Music1 and iTunes. iPod touch offers the ultimate mobile gaming experience. Take great photos and videos with the new 8MP iSight camera and make video calls with the improved FaceTime HD camera.2 And stay connected with Messages and the most popular social networking apps. All on a 4-inch Retina display.3, itemId=541357139, customerRatingImage=http://i2.walmartimages.com/i/CustRating/4.gif, customerRating=4.0, affiliateAddToCartUrl=http://linksynergy.walmart.com/fs-bin/click?id=|LSNID|&amp;offerid=223073.7200&amp;type=14&amp;catid=8&amp;subid=0&amp;hid=7200&amp;tmpid=1082&amp;RD_PARM1=http%253A%252F%252Faffil.walmart.com%252Fcart%252FaddToCart%253Fitems%253D541357139%257C1%2526affp1%253DFbcmtmhyTY1h1xT3H-lZan1nlUS0eqE74Xw8Qu7YBR0%2526affilsrc%253Dapi, name=Apple iPod touch 128GB, modelNumber=MKWM2LL/A, availableOnline=true, productUrl=http://c.affil.walmart.com/t/api02?l=https%3A%2F%2Fwww.walmart.com%2Fip%2FApple-iPod-touch-128GB%2F541357139%3Faffp1%3DFbcmtmhyTY1h1xT3H-lZan1nlUS0eqE74Xw8Qu7YBR0%26affilsrc%3Dapi%26veh%3Daff%26wmlspartner%3Dreadonlyapi}]

JSON path items[1].giftOptions doesn&#039;t match.
Expected: map containing [ANYTHING-&gt;&lt;true&gt;]
  Actual: {allowGiftReceipt=false, allowGiftWrap=false, allowGiftMessage=false}
">
      <![CDATA[java.lang.AssertionError: 2 expectations failed.
JSON path items.findAll{it.name=='Apple iPod touch 128GB'} doesn't match.
Expected: (a collection containing map containing ["name"->"Apple iPod touch 128GBB"])
  Actual: [{longDescription=2015 Apple Inc. All rights reserved., largeImage=https://i5.walmartimages.com/asr/d29dd960-03f9-48ec-8401-5ab9c0f2e05c_1.0eb296c8cce6a845625eaa3db127cfa7.jpeg?odnHeight=450&odnWidth=450&odnBg=FFFFFF, categoryNode=3944_96469_1231508, mediumImage=https://i5.walmartimages.com/asr/d29dd960-03f9-48ec-8401-5ab9c0f2e05c_1.0eb296c8cce6a845625eaa3db127cfa7.jpeg?odnHeight=180&odnWidth=180&odnBg=FFFFFF, numReviews=5, offerType=ONLINE_ONLY, productTrackingUrl=http://linksynergy.walmart.com/fs-bin/click?id=|LSNID|&offerid=223073.7200&type=14&catid=8&subid=0&hid=7200&tmpid=1082&RD_PARM1=https%253A%252F%252Fwww.walmart.com%252Fip%252FApple-iPod-touch-128GB%252F541357139%253Faffp1%253DFbcmtmhyTY1h1xT3H-lZan1nlUS0eqE74Xw8Qu7YBR0%2526affilsrc%253Dapi, parentItemId=541357139, standardShipRate=0.0, msrp=299.0, thumbnailImage=https://i5.walmartimages.com/asr/d29dd960-03f9-48ec-8401-5ab9c0f2e05c_1.0eb296c8cce6a845625eaa3db127cfa7.jpeg?odnHeight=100&odnWidth=100&odnBg=FFFFFF, stock=Available, bundle=false, imageEntities=[{largeImage=https://i5.walmartimages.com/asr/08b98940-eaa4-4638-b797-a1fb6e0f1a4d_1.cc8169e1d2d3139dab86206d84602613.jpeg?odnHeight=450&odnWidth=450&odnBg=FFFFFF, entityType=SECONDARY, mediumImage=https://i5.walmartimages.com/asr/08b98940-eaa4-4638-b797-a1fb6e0f1a4d_1.cc8169e1d2d3139dab86206d84602613.jpeg?odnHeight=180&odnWidth=180&odnBg=FFFFFF, thumbnailImage=https://i5.walmartimages.com/asr/08b98940-eaa4-4638-b797-a1fb6e0f1a4d_1.cc8169e1d2d3139dab86206d84602613.jpeg?odnHeight=100&odnWidth=100&odnBg=FFFFFF}, {largeImage=https://i5.walmartimages.com/asr/0a5c5fea-edcb-4260-993b-327392154d5c_1.5b65a4473f8e8c94b01093238a903298.jpeg?odnHeight=450&odnWidth=450&odnBg=FFFFFF, entityType=SECONDARY, mediumImage=https://i5.walmartimages.com/asr/0a5c5fea-edcb-4260-993b-327392154d5c_1.5b65a4473f8e8c94b01093238a903298.jpeg?odnHeight=180&odnWidth=180&odnBg=FFFFFF, thumbnailImage=https://i5.walmartimages.com/asr/0a5c5fea-edcb-4260-993b-327392154d5c_1.5b65a4473f8e8c94b01093238a903298.jpeg?odnHeight=100&odnWidth=100&odnBg=FFFFFF}, {largeImage=https://i5.walmartimages.com/asr/e51d5e00-7a75-4bdb-8807-2de5f7203032_1.80654954d446afa0d4c6d6b53cdc9561.jpeg?odnHeight=450&odnWidth=450&odnBg=FFFFFF, entityType=SECONDARY, mediumImage=https://i5.walmartimages.com/asr/e51d5e00-7a75-4bdb-8807-2de5f7203032_1.80654954d446afa0d4c6d6b53cdc9561.jpeg?odnHeight=180&odnWidth=180&odnBg=FFFFFF, thumbnailImage=https://i5.walmartimages.com/asr/e51d5e00-7a75-4bdb-8807-2de5f7203032_1.80654954d446afa0d4c6d6b53cdc9561.jpeg?odnHeight=100&odnWidth=100&odnBg=FFFFFF}, {largeImage=https://i5.walmartimages.com/asr/db23acd5-b54b-4762-b285-3bcae373bcea_1.6a6efd0a1587ed69ad1402aed1e4c165.jpeg?odnHeight=450&odnWidth=450&odnBg=FFFFFF, entityType=SECONDARY, mediumImage=https://i5.walmartimages.com/asr/db23acd5-b54b-4762-b285-3bcae373bcea_1.6a6efd0a1587ed69ad1402aed1e4c165.jpeg?odnHeight=180&odnWidth=180&odnBg=FFFFFF, thumbnailImage=https://i5.walmartimages.com/asr/db23acd5-b54b-4762-b285-3bcae373bcea_1.6a6efd0a1587ed69ad1402aed1e4c165.jpeg?odnHeight=100&odnWidth=100&odnBg=FFFFFF}, {largeImage=https://i5.walmartimages.com/asr/dc797330-5e01-428a-bb23-4811b92d02ef_1.86e47ad2a2599b786d32406661b82c1c.jpeg?odnHeight=450&odnWidth=450&odnBg=FFFFFF, entityType=SECONDARY, mediumImage=https://i5.walmartimages.com/asr/dc797330-5e01-428a-bb23-4811b92d02ef_1.86e47ad2a2599b786d32406661b82c1c.jpeg?odnHeight=180&odnWidth=180&odnBg=FFFFFF, thumbnailImage=https://i5.walmartimages.com/asr/dc797330-5e01-428a-bb23-4811b92d02ef_1.86e47ad2a2599b786d32406661b82c1c.jpeg?odnHeight=100&odnWidth=100&odnBg=FFFFFF}, {largeImage=https://i5.walmartimages.com/asr/f144219d-04c4-4a0a-be1c-74b4d9d88f5f_1.f8509c8d1047608fe08957e4ccbd39ed.jpeg?odnHeight=450&odnWidth=450&odnBg=FFFFFF, entityType=SECONDARY, mediumImage=https://i5.walmartimages.com/asr/f144219d-04c4-4a0a-be1c-74b4d9d88f5f_1.f8509c8d1047608fe08957e4ccbd39ed.jpeg?odnHeight=180&odnWidth=180&odnBg=FFFFFF, thumbnailImage=https://i5.walmartimages.com/asr/f144219d-04c4-4a0a-be1c-74b4d9d88f5f_1.f8509c8d1047608fe08957e4ccbd39ed.jpeg?odnHeight=100&odnWidth=100&odnBg=FFFFFF}, {largeImage=https://i5.walmartimages.com/asr/6ee85fd7-4bbc-42e4-9736-673a9573c352_1.6468aa7ce3e4c639400985a9c35dad0e.jpeg?odnHeight=450&odnWidth=450&odnBg=FFFFFF, entityType=SECONDARY, mediumImage=https://i5.walmartimages.com/asr/6ee85fd7-4bbc-42e4-9736-673a9573c352_1.6468aa7ce3e4c639400985a9c35dad0e.jpeg?odnHeight=180&odnWidth=180&odnBg=FFFFFF, thumbnailImage=https://i5.walmartimages.com/asr/6ee85fd7-4bbc-42e4-9736-673a9573c352_1.6468aa7ce3e4c639400985a9c35dad0e.jpeg?odnHeight=100&odnWidth=100&odnBg=FFFFFF}, {largeImage=https://i5.walmartimages.com/asr/b87a6fa7-7faa-4581-a042-7df49d80daf4_1.096bad1916424cb8ae90487f77a9ec86.jpeg?odnHeight=450&odnWidth=450&odnBg=FFFFFF, entityType=SECONDARY, mediumImage=https://i5.walmartimages.com/asr/b87a6fa7-7faa-4581-a042-7df49d80daf4_1.096bad1916424cb8ae90487f77a9ec86.jpeg?odnHeight=180&odnWidth=180&odnBg=FFFFFF, thumbnailImage=https://i5.walmartimages.com/asr/b87a6fa7-7faa-4581-a042-7df49d80daf4_1.096bad1916424cb8ae90487f77a9ec86.jpeg?odnHeight=100&odnWidth=100&odnBg=FFFFFF}, {largeImage=https://i5.walmartimages.com/asr/8b437164-09f8-48bc-a590-b81dd733ca51_1.2a41616147e46df5322d837546944aa7.jpeg?odnHeight=450&odnWidth=450&odnBg=FFFFFF, entityType=SECONDARY, mediumImage=https://i5.walmartimages.com/asr/8b437164-09f8-48bc-a590-b81dd733ca51_1.2a41616147e46df5322d837546944aa7.jpeg?odnHeight=180&odnWidth=180&odnBg=FFFFFF, thumbnailImage=https://i5.walmartimages.com/asr/8b437164-09f8-48bc-a590-b81dd733ca51_1.2a41616147e46df5322d837546944aa7.jpeg?odnHeight=100&odnWidth=100&odnBg=FFFFFF}, {largeImage=https://i5.walmartimages.com/asr/ded3d938-e229-47e4-a254-36662440876a_1.bfe2f097920035740e59e377e510eee9.jpeg?odnHeight=450&odnWidth=450&odnBg=FFFFFF, entityType=SECONDARY, mediumImage=https://i5.walmartimages.com/asr/ded3d938-e229-47e4-a254-36662440876a_1.bfe2f097920035740e59e377e510eee9.jpeg?odnHeight=180&odnWidth=180&odnBg=FFFFFF, thumbnailImage=https://i5.walmartimages.com/asr/ded3d938-e229-47e4-a254-36662440876a_1.bfe2f097920035740e59e377e510eee9.jpeg?odnHeight=100&odnWidth=100&odnBg=FFFFFF}, {largeImage=https://i5.walmartimages.com/asr/418c961f-79c8-4ad0-aa37-e2a3f5027dbf_1.50abb74821ec975d048fea992968de0e.jpeg?odnHeight=450&odnWidth=450&odnBg=FFFFFF, entityType=SECONDARY, mediumImage=https://i5.walmartimages.com/asr/418c961f-79c8-4ad0-aa37-e2a3f5027dbf_1.50abb74821ec975d048fea992968de0e.jpeg?odnHeight=180&odnWidth=180&odnBg=FFFFFF, thumbnailImage=https://i5.walmartimages.com/asr/418c961f-79c8-4ad0-aa37-e2a3f5027dbf_1.50abb74821ec975d048fea992968de0e.jpeg?odnHeight=100&odnWidth=100&odnBg=FFFFFF}, {largeImage=https://i5.walmartimages.com/asr/2ad11ac8-2dcb-43bd-b9b4-17f90747d2a6_1.1c265ecf866c3cd806c9da8aa6f1e237.jpeg?odnHeight=450&odnWidth=450&odnBg=FFFFFF, entityType=SECONDARY, mediumImage=https://i5.walmartimages.com/asr/2ad11ac8-2dcb-43bd-b9b4-17f90747d2a6_1.1c265ecf866c3cd806c9da8aa6f1e237.jpeg?odnHeight=180&odnWidth=180&odnBg=FFFFFF, thumbnailImage=https://i5.walmartimages.com/asr/2ad11ac8-2dcb-43bd-b9b4-17f90747d2a6_1.1c265ecf866c3cd806c9da8aa6f1e237.jpeg?odnHeight=100&odnWidth=100&odnBg=FFFFFF}, {largeImage=https://i5.walmartimages.com/asr/849db080-fb9a-431e-af29-52cddf612ed1_1.b9b5231eca6bb4c2c7002463cd658f3b.jpeg?odnHeight=450&odnWidth=450&odnBg=FFFFFF, entityType=SECONDARY, mediumImage=https://i5.walmartimages.com/asr/849db080-fb9a-431e-af29-52cddf612ed1_1.b9b5231eca6bb4c2c7002463cd658f3b.jpeg?odnHeight=180&odnWidth=180&odnBg=FFFFFF, thumbnailImage=https://i5.walmartimages.com/asr/849db080-fb9a-431e-af29-52cddf612ed1_1.b9b5231eca6bb4c2c7002463cd658f3b.jpeg?odnHeight=100&odnWidth=100&odnBg=FFFFFF}, {largeImage=https://i5.walmartimages.com/asr/2b1877b6-11d1-4a63-8b88-57a2114c8caf_1.c493b98597b3f2cc9387ec881ff5fbc3.jpeg?odnHeight=450&odnWidth=450&odnBg=FFFFFF, entityType=SECONDARY, mediumImage=https://i5.walmartimages.com/asr/2b1877b6-11d1-4a63-8b88-57a2114c8caf_1.c493b98597b3f2cc9387ec881ff5fbc3.jpeg?odnHeight=180&odnWidth=180&odnBg=FFFFFF, thumbnailImage=https://i5.walmartimages.com/asr/2b1877b6-11d1-4a63-8b88-57a2114c8caf_1.c493b98597b3f2cc9387ec881ff5fbc3.jpeg?odnHeight=100&odnWidth=100&odnBg=FFFFFF}, {largeImage=https://i5.walmartimages.com/asr/76f38160-7870-4902-b277-0ab7c101bf92_1.7164a5fbada08bfc60f6f8ac9fb417a0.jpeg?odnHeight=450&odnWidth=450&odnBg=FFFFFF, entityType=SECONDARY, mediumImage=https://i5.walmartimages.com/asr/76f38160-7870-4902-b277-0ab7c101bf92_1.7164a5fbada08bfc60f6f8ac9fb417a0.jpeg?odnHeight=180&odnWidth=180&odnBg=FFFFFF, thumbnailImage=https://i5.walmartimages.com/asr/76f38160-7870-4902-b277-0ab7c101bf92_1.7164a5fbada08bfc60f6f8ac9fb417a0.jpeg?odnHeight=100&odnWidth=100&odnBg=FFFFFF}, {largeImage=https://i5.walmartimages.com/asr/e8003202-8695-4906-9663-c97a5ac70eac_1.47ba34ef1d4eb303ffb3e5be5c09bf6a.jpeg?odnHeight=450&odnWidth=450&odnBg=FFFFFF, entityType=SECONDARY, mediumImage=https://i5.walmartimages.com/asr/e8003202-8695-4906-9663-c97a5ac70eac_1.47ba34ef1d4eb303ffb3e5be5c09bf6a.jpeg?odnHeight=180&odnWidth=180&odnBg=FFFFFF, thumbnailImage=https://i5.walmartimages.com/asr/e8003202-8695-4906-9663-c97a5ac70eac_1.47ba34ef1d4eb303ffb3e5be5c09bf6a.jpeg?odnHeight=100&odnWidth=100&odnBg=FFFFFF}, {largeImage=https://i5.walmartimages.com/asr/a991e341-6743-4431-a706-584de4d0cdd4_1.b9e0402a8b6e0eb27157498bf4defcdb.jpeg?odnHeight=450&odnWidth=450&odnBg=FFFFFF, entityType=SECONDARY, mediumImage=https://i5.walmartimages.com/asr/a991e341-6743-4431-a706-584de4d0cdd4_1.b9e0402a8b6e0eb27157498bf4defcdb.jpeg?odnHeight=180&odnWidth=180&odnBg=FFFFFF, thumbnailImage=https://i5.walmartimages.com/asr/a991e341-6743-4431-a706-584de4d0cdd4_1.b9e0402a8b6e0eb27157498bf4defcdb.jpeg?odnHeight=100&odnWidth=100&odnBg=FFFFFF}, {largeImage=https://i5.walmartimages.com/asr/8f1dd136-42be-4f14-b9e8-8e0ae57f035c_1.e234d21388f18bcd798dea680b4fed30.jpeg?odnHeight=450&odnWidth=450&odnBg=FFFFFF, entityType=SECONDARY, mediumImage=https://i5.walmartimages.com/asr/8f1dd136-42be-4f14-b9e8-8e0ae57f035c_1.e234d21388f18bcd798dea680b4fed30.jpeg?odnHeight=180&odnWidth=180&odnBg=FFFFFF, thumbnailImage=https://i5.walmartimages.com/asr/8f1dd136-42be-4f14-b9e8-8e0ae57f035c_1.e234d21388f18bcd798dea680b4fed30.jpeg?odnHeight=100&odnWidth=100&odnBg=FFFFFF}, {largeImage=https://i5.walmartimages.com/asr/902f0a3c-893d-497d-af9a-5b958eaae76e_1.c584192869797cd6138d71215f08201e.jpeg?odnHeight=450&odnWidth=450&odnBg=FFFFFF, entityType=SECONDARY, mediumImage=https://i5.walmartimages.com/asr/902f0a3c-893d-497d-af9a-5b958eaae76e_1.c584192869797cd6138d71215f08201e.jpeg?odnHeight=180&odnWidth=180&odnBg=FFFFFF, thumbnailImage=https://i5.walmartimages.com/asr/902f0a3c-893d-497d-af9a-5b958eaae76e_1.c584192869797cd6138d71215f08201e.jpeg?odnHeight=100&odnWidth=100&odnBg=FFFFFF}, {largeImage=https://i5.walmartimages.com/asr/e4ef5c48-259a-44ce-b122-ccf26034d6a8_1.c6b30b1f5deb8474fcdfd7f9fe06a8bb.jpeg?odnHeight=450&odnWidth=450&odnBg=FFFFFF, entityType=SECONDARY, mediumImage=https://i5.walmartimages.com/asr/e4ef5c48-259a-44ce-b122-ccf26034d6a8_1.c6b30b1f5deb8474fcdfd7f9fe06a8bb.jpeg?odnHeight=180&odnWidth=180&odnBg=FFFFFF, thumbnailImage=https://i5.walmartimages.com/asr/e4ef5c48-259a-44ce-b122-ccf26034d6a8_1.c6b30b1f5deb8474fcdfd7f9fe06a8bb.jpeg?odnHeight=100&odnWidth=100&odnBg=FFFFFF}, {largeImage=https://i5.walmartimages.com/asr/112c54ea-c5e0-4a8f-b918-db0f4796f8f0_1.fe0b4f243a19536583455171dcf9bcf4.jpeg?odnHeight=450&odnWidth=450&odnBg=FFFFFF, entityType=SECONDARY, mediumImage=https://i5.walmartimages.com/asr/112c54ea-c5e0-4a8f-b918-db0f4796f8f0_1.fe0b4f243a19536583455171dcf9bcf4.jpeg?odnHeight=180&odnWidth=180&odnBg=FFFFFF, thumbnailImage=https://i5.walmartimages.com/asr/112c54ea-c5e0-4a8f-b918-db0f4796f8f0_1.fe0b4f243a19536583455171dcf9bcf4.jpeg?odnHeight=100&odnWidth=100&odnBg=FFFFFF}, {largeImage=https://i5.walmartimages.com/asr/586f6523-93f8-455c-be43-5b177416a18e_1.731ea718adb0a023dd465a4bcc9fc027.jpeg?odnHeight=450&odnWidth=450&odnBg=FFFFFF, entityType=SECONDARY, mediumImage=https://i5.walmartimages.com/asr/586f6523-93f8-455c-be43-5b177416a18e_1.731ea718adb0a023dd465a4bcc9fc027.jpeg?odnHeight=180&odnWidth=180&odnBg=FFFFFF, thumbnailImage=https://i5.walmartimages.com/asr/586f6523-93f8-455c-be43-5b177416a18e_1.731ea718adb0a023dd465a4bcc9fc027.jpeg?odnHeight=100&odnWidth=100&odnBg=FFFFFF}, {largeImage=https://i5.walmartimages.com/asr/6a01de57-bc66-45b4-ae87-6bbec9938ff6_1.7a7892e90285777a6e95dc9ff692284d.jpeg?odnHeight=450&odnWidth=450&odnBg=FFFFFF, entityType=SECONDARY, mediumImage=https://i5.walmartimages.com/asr/6a01de57-bc66-45b4-ae87-6bbec9938ff6_1.7a7892e90285777a6e95dc9ff692284d.jpeg?odnHeight=180&odnWidth=180&odnBg=FFFFFF, thumbnailImage=https://i5.walmartimages.com/asr/6a01de57-bc66-45b4-ae87-6bbec9938ff6_1.7a7892e90285777a6e95dc9ff692284d.jpeg?odnHeight=100&odnWidth=100&odnBg=FFFFFF}, {largeImage=https://i5.walmartimages.com/asr/1e5dd056-0ecc-43b6-856f-bad622ba928b_1.e8cde394017ecb2334652473629f82a6.jpeg?odnHeight=450&odnWidth=450&odnBg=FFFFFF, entityType=SECONDARY, mediumImage=https://i5.walmartimages.com/asr/1e5dd056-0ecc-43b6-856f-bad622ba928b_1.e8cde394017ecb2334652473629f82a6.jpeg?odnHeight=180&odnWidth=180&odnBg=FFFFFF, thumbnailImage=https://i5.walmartimages.com/asr/1e5dd056-0ecc-43b6-856f-bad622ba928b_1.e8cde394017ecb2334652473629f82a6.jpeg?odnHeight=100&odnWidth=100&odnBg=FFFFFF}, {largeImage=https://i5.walmartimages.com/asr/3ca5fd2a-42cf-499f-a9eb-0bc428ed3d15_1.7df0777dc5dac7f5486c4a3c9cca9aa4.jpeg?odnHeight=450&odnWidth=450&odnBg=FFFFFF, entityType=SECONDARY, mediumImage=https://i5.walmartimages.com/asr/3ca5fd2a-42cf-499f-a9eb-0bc428ed3d15_1.7df0777dc5dac7f5486c4a3c9cca9aa4.jpeg?odnHeight=180&odnWidth=180&odnBg=FFFFFF, thumbnailImage=https://i5.walmartimages.com/asr/3ca5fd2a-42cf-499f-a9eb-0bc428ed3d15_1.7df0777dc5dac7f5486c4a3c9cca9aa4.jpeg?odnHeight=100&odnWidth=100&odnBg=FFFFFF}, {largeImage=https://i5.walmartimages.com/asr/33f2f1be-8c51-4850-8713-f95a756ce664_1.02a84789025bf91bce57c8b6e6de4af5.jpeg?odnHeight=450&odnWidth=450&odnBg=FFFFFF, entityType=SECONDARY, mediumImage=https://i5.walmartimages.com/asr/33f2f1be-8c51-4850-8713-f95a756ce664_1.02a84789025bf91bce57c8b6e6de4af5.jpeg?odnHeight=180&odnWidth=180&odnBg=FFFFFF, thumbnailImage=https://i5.walmartimages.com/asr/33f2f1be-8c51-4850-8713-f95a756ce664_1.02a84789025bf91bce57c8b6e6de4af5.jpeg?odnHeight=100&odnWidth=100&odnBg=FFFFFF}, {largeImage=https://i5.walmartimages.com/asr/a31e0dce-a818-4992-9c12-c1c99b27a3a1_1.db577428935fbe512e17899527601c5a.jpeg?odnHeight=450&odnWidth=450&odnBg=FFFFFF, entityType=SECONDARY, mediumImage=https://i5.walmartimages.com/asr/a31e0dce-a818-4992-9c12-c1c99b27a3a1_1.db577428935fbe512e17899527601c5a.jpeg?odnHeight=180&odnWidth=180&odnBg=FFFFFF, thumbnailImage=https://i5.walmartimages.com/asr/a31e0dce-a818-4992-9c12-c1c99b27a3a1_1.db577428935fbe512e17899527601c5a.jpeg?odnHeight=100&odnWidth=100&odnBg=FFFFFF}, {largeImage=https://i5.walmartimages.com/asr/63a6cac6-9222-456d-856b-69f0ccf7a4b2_1.1d59a46636f0f613ba4c6bfd18584adb.jpeg?odnHeight=450&odnWidth=450&odnBg=FFFFFF, entityType=SECONDARY, mediumImage=https://i5.walmartimages.com/asr/63a6cac6-9222-456d-856b-69f0ccf7a4b2_1.1d59a46636f0f613ba4c6bfd18584adb.jpeg?odnHeight=180&odnWidth=180&odnBg=FFFFFF, thumbnailImage=https://i5.walmartimages.com/asr/63a6cac6-9222-456d-856b-69f0ccf7a4b2_1.1d59a46636f0f613ba4c6bfd18584adb.jpeg?odnHeight=100&odnWidth=100&odnBg=FFFFFF}, {largeImage=https://i5.walmartimages.com/asr/51f08933-413c-45f1-b069-e954227241c2_1.0299b537a79d5931c39749b71d8736a5.jpeg?odnHeight=450&odnWidth=450&odnBg=FFFFFF, entityType=SECONDARY, mediumImage=https://i5.walmartimages.com/asr/51f08933-413c-45f1-b069-e954227241c2_1.0299b537a79d5931c39749b71d8736a5.jpeg?odnHeight=180&odnWidth=180&odnBg=FFFFFF, thumbnailImage=https://i5.walmartimages.com/asr/51f08933-413c-45f1-b069-e954227241c2_1.0299b537a79d5931c39749b71d8736a5.jpeg?odnHeight=100&odnWidth=100&odnBg=FFFFFF}, {largeImage=https://i5.walmartimages.com/asr/d29dd960-03f9-48ec-8401-5ab9c0f2e05c_1.0eb296c8cce6a845625eaa3db127cfa7.jpeg?odnHeight=450&odnWidth=450&odnBg=FFFFFF, entityType=PRIMARY, mediumImage=https://i5.walmartimages.com/asr/d29dd960-03f9-48ec-8401-5ab9c0f2e05c_1.0eb296c8cce6a845625eaa3db127cfa7.jpeg?odnHeight=180&odnWidth=180&odnBg=FFFFFF, thumbnailImage=https://i5.walmartimages.com/asr/d29dd960-03f9-48ec-8401-5ab9c0f2e05c_1.0eb296c8cce6a845625eaa3db127cfa7.jpeg?odnHeight=100&odnWidth=100&odnBg=FFFFFF}], giftOptions={allowGiftReceipt=false, allowGiftWrap=false, allowGiftMessage=false}, addToCartUrl=http://c.affil.walmart.com/t/api02?l=http%3A%2F%2Faffil.walmart.com%2Fcart%2FaddToCart%3Fitems%3D541357139%7C1%26affp1%3DFbcmtmhyTY1h1xT3H-lZan1nlUS0eqE74Xw8Qu7YBR0%26affilsrc%3Dapi%26veh%3Daff%26wmlspartner%3Dreadonlyapi, marketplace=false, salePrice=289.0, categoryPath=Electronics/Portable Audio/Apple iPods/iPod Touch, upc=888462503181, isTwoDayShippingEligible=true, shortDescription=iPod touch is the perfect way to carry your music collection in your pocket. Now in 5 stunning colors. Listen to your favorite songs from Apple Music1 and iTunes. iPod touch offers the ultimate mobile gaming experience. Take great photos and videos with the new 8MP iSight camera and make video calls with the improved FaceTime HD camera.2 And stay connected with Messages and the most popular social networking apps. All on a 4-inch Retina display.3, itemId=541357139, customerRatingImage=http://i2.walmartimages.com/i/CustRating/4.gif, customerRating=4.0, affiliateAddToCartUrl=http://linksynergy.walmart.com/fs-bin/click?id=|LSNID|&offerid=223073.7200&type=14&catid=8&subid=0&hid=7200&tmpid=1082&RD_PARM1=http%253A%252F%252Faffil.walmart.com%252Fcart%252FaddToCart%253Fitems%253D541357139%257C1%2526affp1%253DFbcmtmhyTY1h1xT3H-lZan1nlUS0eqE74Xw8Qu7YBR0%2526affilsrc%253Dapi, name=Apple iPod touch 128GB, modelNumber=MKWM2LL/A, availableOnline=true, productUrl=http://c.affil.walmart.com/t/api02?l=https%3A%2F%2Fwww.walmart.com%2Fip%2FApple-iPod-touch-128GB%2F541357139%3Faffp1%3DFbcmtmhyTY1h1xT3H-lZan1nlUS0eqE74Xw8Qu7YBR0%26affilsrc%3Dapi%26veh%3Daff%26wmlspartner%3Dreadonlyapi}]

JSON path items[1].giftOptions doesn't match.
Expected: map containing [ANYTHING-><true>]
  Actual: {allowGiftReceipt=false, allowGiftWrap=false, allowGiftMessage=false}

	at sun.reflect.NativeConstructorAccessorImpl.newInstance0(Native Method)
	at sun.reflect.NativeConstructorAccessorImpl.newInstance(Unknown Source)
	at sun.reflect.DelegatingConstructorAccessorImpl.newInstance(Unknown Source)
	at java.lang.reflect.Constructor.newInstance(Unknown Source)
	at org.codehaus.groovy.reflection.CachedConstructor.invoke(CachedConstructor.java:83)
	at org.codehaus.groovy.reflection.CachedConstructor.doConstructorInvoke(CachedConstructor.java:77)
	at org.codehaus.groovy.runtime.callsite.ConstructorSite$ConstructorSiteNoUnwrap.callConstructor(ConstructorSite.java:84)
	at org.codehaus.groovy.runtime.callsite.CallSiteArray.defaultCallConstructor(CallSiteArray.java:60)
	at org.codehaus.groovy.runtime.callsite.AbstractCallSite.callConstructor(AbstractCallSite.java:235)
	at org.codehaus.groovy.runtime.callsite.AbstractCallSite.callConstructor(AbstractCallSite.java:247)
	at io.restassured.internal.ResponseSpecificationImpl$HamcrestAssertionClosure.validate(ResponseSpecificationImpl.groovy:471)
	at io.restassured.internal.ResponseSpecificationImpl$HamcrestAssertionClosure$validate$1.call(Unknown Source)
	at org.codehaus.groovy.runtime.callsite.CallSiteArray.defaultCall(CallSiteArray.java:48)
	at org.codehaus.groovy.runtime.callsite.AbstractCallSite.call(AbstractCallSite.java:113)
	at org.codehaus.groovy.runtime.callsite.AbstractCallSite.call(AbstractCallSite.java:125)
	at io.restassured.internal.ResponseSpecificationImpl.validateResponseIfRequired(ResponseSpecificationImpl.groovy:636)
	at sun.reflect.NativeMethodAccessorImpl.invoke0(Native Method)
	at sun.reflect.NativeMethodAccessorImpl.invoke(Unknown Source)
	at sun.reflect.DelegatingMethodAccessorImpl.invoke(Unknown Source)
	at java.lang.reflect.Method.invoke(Unknown Source)
	at org.codehaus.groovy.runtime.callsite.PogoMetaMethodSite$PogoCachedMethodSiteNoUnwrapNoCoerce.invoke(PogoMetaMethodSite.java:210)
	at org.codehaus.groovy.runtime.callsite.PogoMetaMethodSite.callCurrent(PogoMetaMethodSite.java:59)
	at org.codehaus.groovy.runtime.callsite.CallSiteArray.defaultCallCurrent(CallSiteArray.java:52)
	at org.codehaus.groovy.runtime.callsite.AbstractCallSite.callCurrent(AbstractCallSite.java:154)
	at org.codehaus.groovy.runtime.callsite.AbstractCallSite.callCurrent(AbstractCallSite.java:166)
	at io.restassured.internal.ResponseSpecificationImpl.content(ResponseSpecificationImpl.groovy:265)
	at io.restassured.specification.ResponseSpecification$content$0.callCurrent(Unknown Source)
	at org.codehaus.groovy.runtime.callsite.CallSiteArray.defaultCallCurrent(CallSiteArray.java:52)
	at org.codehaus.groovy.runtime.callsite.AbstractCallSite.callCurrent(AbstractCallSite.java:154)
	at org.codehaus.groovy.runtime.callsite.AbstractCallSite.callCurrent(AbstractCallSite.java:190)
	at io.restassured.internal.ResponseSpecificationImpl.body(ResponseSpecificationImpl.groovy:248)
	at io.restassured.internal.ValidatableResponseOptionsImpl.body(ValidatableResponseOptionsImpl.java:268)
	at walmart.jsonPath.examples.SoftAssertions.softAssertTest(SoftAssertions.java:26)
	at sun.reflect.NativeMethodAccessorImpl.invoke0(Native Method)
	at sun.reflect.NativeMethodAccessorImpl.invoke(Unknown Source)
	at sun.reflect.DelegatingMethodAccessorImpl.invoke(Unknown Source)
	at java.lang.reflect.Method.invoke(Unknown Source)
	at org.testng.internal.MethodInvocationHelper.invokeMethod(MethodInvocationHelper.java:84)
	at org.testng.internal.Invoker.invokeMethod(Invoker.java:714)
	at org.testng.internal.Invoker.invokeTestMethod(Invoker.java:901)
	at org.testng.internal.Invoker.invokeTestMethods(Invoker.java:1231)
	at org.testng.internal.TestMethodWorker.invokeTestMethods(TestMethodWorker.java:127)
	at org.testng.internal.TestMethodWorker.run(TestMethodWorker.java:111)
	at org.testng.TestRunner.privateRun(TestRunner.java:767)
	at org.testng.TestRunner.run(TestRunner.java:617)
	at org.testng.SuiteRunner.runTest(SuiteRunner.java:334)
	at org.testng.SuiteRunner.runSequentially(SuiteRunner.java:329)
	at org.testng.SuiteRunner.privateRun(SuiteRunner.java:291)
	at org.testng.SuiteRunner.run(SuiteRunner.java:240)
	at org.testng.SuiteRunnerWorker.runSuite(SuiteRunnerWorker.java:52)
	at org.testng.SuiteRunnerWorker.run(SuiteRunnerWorker.java:86)
	at org.testng.TestNG.runSuitesSequentially(TestNG.java:1224)
	at org.testng.TestNG.runSuitesLocally(TestNG.java:1149)
	at org.testng.TestNG.run(TestNG.java:1057)
	at org.testng.remote.RemoteTestNG.run(RemoteTestNG.java:111)
	at org.testng.remote.RemoteTestNG.initAndRun(RemoteTestNG.java:204)
	at org.testng.remote.RemoteTestNG.main(RemoteTestNG.java:175)
]]>
    </error>
  </testcase> <!-- softAssertTest -->
</testsuite> <!-- walmart.jsonPath.examples.SoftAssertions -->
