<?xml version="1.0" encoding="UTF-8"?>
<!-- Generated by org.testng.reporters.JUnitReportReporter -->
<testsuite hostname="Sunil" name="com.org.APITest.SchemaVerification" tests="1" failures="0" timestamp="26 Aug 2017 09:23:11 GMT" time="1.573" errors="0">
  <testcase name="testSchema" time="1.573" classname="com.org.APITest.SchemaVerification"/>
</testsuite> <!-- com.org.APITest.SchemaVerification -->
