<?xml version="1.0" encoding="UTF-8"?>
<!-- Generated by org.testng.reporters.JUnitReportReporter -->
<testsuite hostname="Sunil" name="tutorial.responseSpecifications.ResponseSpecificationEx" tests="2" failures="0" timestamp="27 May 2018 09:04:57 GMT" time="5.210" errors="0">
  <testcase name="test002" time="1.512" classname="tutorial.responseSpecifications.ResponseSpecificationEx"/>
  <testcase name="test001" time="3.698" classname="tutorial.responseSpecifications.ResponseSpecificationEx"/>
</testsuite> <!-- tutorial.responseSpecifications.ResponseSpecificationEx -->
