<?xml version="1.0" encoding="UTF-8"?>
<!-- Generated by org.testng.reporters.JUnitReportReporter -->
<testsuite hostname="Sunil" name="com.org.POMPageFactory.testcases.ProfileTest" tests="1" failures="0" timestamp="20 May 2017 16:31:24 GMT" time="13.808" errors="0">
  <testcase name="testProfile" time="13.808" classname="com.org.POMPageFactory.testcases.ProfileTest"/>
</testsuite> <!-- com.org.POMPageFactory.testcases.ProfileTest -->
