<?xml version="1.0" encoding="UTF-8"?>
<!-- Generated by org.testng.reporters.JUnitReportReporter -->
<testsuite hostname="Sunil" name="com.selenium.Webdriver.GetAllLinksTest" tests="1" failures="0" timestamp="4 Oct 2017 03:57:31 GMT" time="28.986" errors="0">
  <testcase name="gettest" time="28.986" classname="com.selenium.Webdriver.GetAllLinksTest"/>
</testsuite> <!-- com.selenium.Webdriver.GetAllLinksTest -->
