<?xml version="1.0" encoding="UTF-8"?>
<!-- Generated by org.testng.reporters.JUnitReportReporter -->
<testsuite hostname="Sunil" name="com.selenium.Webdriver.AppTest" tests="1" failures="0" timestamp="4 Oct 2017 03:57:32 GMT" time="0.004" errors="0">
  <testcase name="testApp" time="0.004" classname="com.selenium.Webdriver.AppTest"/>
</testsuite> <!-- com.selenium.Webdriver.AppTest -->
