<?xml version="1.0" encoding="UTF-8"?>
<!-- Generated by org.testng.reporters.JUnitReportReporter -->
<testsuite hostname="Sunil" name="com.org.parallel.Test1" tests="5" failures="0" timestamp="23 Sep 2017 17:45:29 GMT" time="1.282" errors="0">
  <testcase name="test1D" time="0.289" classname="com.org.parallel.Test1"/>
  <testcase name="test1C" time="0.491" classname="com.org.parallel.Test1"/>
  <testcase name="test1B" time="0.148" classname="com.org.parallel.Test1"/>
  <testcase name="test1A" time="0.249" classname="com.org.parallel.Test1"/>
  <testcase name="test1E" time="0.105" classname="com.org.parallel.Test1"/>
</testsuite> <!-- com.org.parallel.Test1 -->
