<?xml version="1.0" encoding="UTF-8"?>
<!-- Generated by org.testng.reporters.JUnitReportReporter -->
<testsuite hostname="Sunil" name="com.org.parallel.Test3" tests="5" failures="0" timestamp="23 Sep 2017 17:45:29 GMT" time="1.206" errors="0">
  <testcase name="test3E" time="0.233" classname="com.org.parallel.Test3"/>
  <testcase name="test3C" time="0.218" classname="com.org.parallel.Test3"/>
  <testcase name="test3B" time="0.154" classname="com.org.parallel.Test3"/>
  <testcase name="test3A" time="0.382" classname="com.org.parallel.Test3"/>
  <testcase name="test3D" time="0.219" classname="com.org.parallel.Test3"/>
</testsuite> <!-- com.org.parallel.Test3 -->
