<?xml version="1.0" encoding="UTF-8"?>
<!-- Generated by org.testng.reporters.JUnitReportReporter -->
<testsuite hostname="Sunil" name="com.org.parallel.Test2" tests="5" failures="0" timestamp="23 Sep 2017 17:45:29 GMT" time="1.139" errors="0">
  <testcase name="test2B" time="0.097" classname="com.org.parallel.Test2"/>
  <testcase name="test2E" time="0.119" classname="com.org.parallel.Test2"/>
  <testcase name="test2D" time="0.146" classname="com.org.parallel.Test2"/>
  <testcase name="test2C" time="0.143" classname="com.org.parallel.Test2"/>
  <testcase name="test2A" time="0.634" classname="com.org.parallel.Test2"/>
</testsuite> <!-- com.org.parallel.Test2 -->
