<?xml version="1.0" encoding="UTF-8"?>
<!-- Generated by org.testng.reporters.JUnitReportReporter -->
<testsuite hostname="Sunil" name="com.org.hybrid.sessionsuite.ChangePassword" tests="3" failures="0" timestamp="28 Jul 2017 01:55:32 GMT" time="0.017" errors="0">
  <testcase name="test2" time="0.003" classname="com.org.hybrid.sessionsuite.ChangePassword"/>
  <testcase name="test1" time="0.006" classname="com.org.hybrid.sessionsuite.ChangePassword"/>
  <testcase name="test3" time="0.008" classname="com.org.hybrid.sessionsuite.ChangePassword"/>
</testsuite> <!-- com.org.hybrid.sessionsuite.ChangePassword -->
