<?xml version="1.0" encoding="UTF-8"?>
<!-- Generated by org.testng.reporters.JUnitReportReporter -->
<testsuite hostname="Sunil" name="com.org.hybrid.testcases.GoogleTest" tests="5" failures="0" timestamp="14 Jul 2017 01:49:49 GMT" time="0.215" errors="0">
  <testcase name="googleSearch" time="0.050" classname="com.org.hybrid.testcases.GoogleTest"/>
  <testcase name="googleSearch" time="0.001" classname="com.org.hybrid.testcases.GoogleTest"/>
  <testcase name="googleSearch" time="0.001" classname="com.org.hybrid.testcases.GoogleTest"/>
  <testcase name="googleSearch" time="0.162" classname="com.org.hybrid.testcases.GoogleTest"/>
  <testcase name="googleSearch" time="0.001" classname="com.org.hybrid.testcases.GoogleTest"/>
</testsuite> <!-- com.org.hybrid.testcases.GoogleTest -->
