<?xml version="1.0" encoding="UTF-8"?>
<!-- Generated by org.testng.reporters.JUnitReportReporter -->
<testsuite hostname="Sunil" name="com.org.hybrid.sessionsuite.LoginTest" tests="2" failures="0" timestamp="17 Jul 2017 04:43:16 GMT" time="0.013" errors="0">
  <testcase name="loginTest" time="0.010" classname="com.org.hybrid.sessionsuite.LoginTest"/>
  <testcase name="loginTest" time="0.003" classname="com.org.hybrid.sessionsuite.LoginTest"/>
</testsuite> <!-- com.org.hybrid.sessionsuite.LoginTest -->
