<?xml version="1.0" encoding="UTF-8"?>
<!-- Generated by org.testng.reporters.JUnitReportReporter -->
<testsuite hostname="Sunil" name="com.selenium.Webdriver.GetAllLinksTest" tests="1" failures="0" timestamp="20 Dec 2017 03:33:41 GMT" time="23.987" errors="0">
  <testcase name="gettest" time="23.987" classname="com.selenium.Webdriver.GetAllLinksTest"/>
</testsuite> <!-- com.selenium.Webdriver.GetAllLinksTest -->
