<?xml version="1.0" encoding="UTF-8"?>
<!-- Generated by org.testng.reporters.JUnitReportReporter -->
<testsuite hostname="Sunil" name="com.org.hybrid.testcases.Google" tests="5" failures="0" timestamp="13 Jul 2017 01:23:57 GMT" time="24.258" errors="0">
  <testcase name="googleSearch" time="0.001" classname="com.org.hybrid.testcases.Google"/>
  <testcase name="googleSearch" time="8.076" classname="com.org.hybrid.testcases.Google"/>
  <testcase name="googleSearch" time="8.098" classname="com.org.hybrid.testcases.Google"/>
  <testcase name="googleSearch" time="8.081" classname="com.org.hybrid.testcases.Google"/>
  <testcase name="googleSearch" time="0.002" classname="com.org.hybrid.testcases.Google"/>
</testsuite> <!-- com.org.hybrid.testcases.Google -->
